0 info it worked if it ends with ok
1 verbose cli [ 'node', '/usr/local/bin/npm', 'install' ]
2 info using npm@1.4.28
3 info using node@v0.10.33
4 verbose readDependencies using package.json deps
5 verbose install where, deps [ '/Users/joe/Sites/bb.poc.zurb',
5 verbose install   [ 'load-grunt-tasks',
5 verbose install     'node-sass',
5 verbose install     'grunt-sass',
5 verbose install     'grunt',
5 verbose install     'grunt-contrib-watch',
5 verbose install     'grunt-contrib-clean',
5 verbose install     'grunt-contrib-copy',
5 verbose install     'grunt-contrib-cssmin',
5 verbose install     'grunt-contrib-uglify',
5 verbose install     'grunt-contrib-concat',
5 verbose install     'grunt-contrib-jshint',
5 verbose install     'grunt-contrib-connect',
5 verbose install     'grunt-wiredep',
5 verbose install     'grunt-usemin',
5 verbose install     'grunt-contrib-imagemin',
5 verbose install     'grunt-newer' ] ]
6 info preinstall zf5_project@0.0.1
7 verbose readDependencies using package.json deps
8 verbose cache add [ 'load-grunt-tasks@~3.1.0', null ]
9 verbose cache add name=undefined spec="load-grunt-tasks@~3.1.0" args=["load-grunt-tasks@~3.1.0",null]
10 verbose parsed url { protocol: null,
10 verbose parsed url   slashes: null,
10 verbose parsed url   auth: null,
10 verbose parsed url   host: null,
10 verbose parsed url   port: null,
10 verbose parsed url   hostname: null,
10 verbose parsed url   hash: null,
10 verbose parsed url   search: null,
10 verbose parsed url   query: null,
10 verbose parsed url   pathname: 'load-grunt-tasks@~3.1.0',
10 verbose parsed url   path: 'load-grunt-tasks@~3.1.0',
10 verbose parsed url   href: 'load-grunt-tasks@~3.1.0' }
11 verbose cache add [ 'node-sass@~2.1.1', null ]
12 verbose cache add name=undefined spec="node-sass@~2.1.1" args=["node-sass@~2.1.1",null]
13 verbose parsed url { protocol: null,
13 verbose parsed url   slashes: null,
13 verbose parsed url   auth: null,
13 verbose parsed url   host: null,
13 verbose parsed url   port: null,
13 verbose parsed url   hostname: null,
13 verbose parsed url   hash: null,
13 verbose parsed url   search: null,
13 verbose parsed url   query: null,
13 verbose parsed url   pathname: 'node-sass@~2.1.1',
13 verbose parsed url   path: 'node-sass@~2.1.1',
13 verbose parsed url   href: 'node-sass@~2.1.1' }
14 verbose cache add [ 'grunt-sass@~0.18.1', null ]
15 verbose cache add name=undefined spec="grunt-sass@~0.18.1" args=["grunt-sass@~0.18.1",null]
16 verbose parsed url { protocol: null,
16 verbose parsed url   slashes: null,
16 verbose parsed url   auth: null,
16 verbose parsed url   host: null,
16 verbose parsed url   port: null,
16 verbose parsed url   hostname: null,
16 verbose parsed url   hash: null,
16 verbose parsed url   search: null,
16 verbose parsed url   query: null,
16 verbose parsed url   pathname: 'grunt-sass@~0.18.1',
16 verbose parsed url   path: 'grunt-sass@~0.18.1',
16 verbose parsed url   href: 'grunt-sass@~0.18.1' }
17 verbose cache add [ 'grunt@~0.4.5', null ]
18 verbose cache add name=undefined spec="grunt@~0.4.5" args=["grunt@~0.4.5",null]
19 verbose parsed url { protocol: null,
19 verbose parsed url   slashes: null,
19 verbose parsed url   auth: null,
19 verbose parsed url   host: null,
19 verbose parsed url   port: null,
19 verbose parsed url   hostname: null,
19 verbose parsed url   hash: null,
19 verbose parsed url   search: null,
19 verbose parsed url   query: null,
19 verbose parsed url   pathname: 'grunt@~0.4.5',
19 verbose parsed url   path: 'grunt@~0.4.5',
19 verbose parsed url   href: 'grunt@~0.4.5' }
20 verbose cache add name="load-grunt-tasks" spec="~3.1.0" args=["load-grunt-tasks","~3.1.0"]
21 verbose parsed url { protocol: null,
21 verbose parsed url   slashes: null,
21 verbose parsed url   auth: null,
21 verbose parsed url   host: null,
21 verbose parsed url   port: null,
21 verbose parsed url   hostname: null,
21 verbose parsed url   hash: null,
21 verbose parsed url   search: null,
21 verbose parsed url   query: null,
21 verbose parsed url   pathname: '~3.1.0',
21 verbose parsed url   path: '~3.1.0',
21 verbose parsed url   href: '~3.1.0' }
22 verbose addNamed [ 'load-grunt-tasks', '~3.1.0' ]
23 verbose addNamed [ null, '>=3.1.0-0 <3.2.0-0' ]
24 verbose cache add name="node-sass" spec="~2.1.1" args=["node-sass","~2.1.1"]
25 verbose parsed url { protocol: null,
25 verbose parsed url   slashes: null,
25 verbose parsed url   auth: null,
25 verbose parsed url   host: null,
25 verbose parsed url   port: null,
25 verbose parsed url   hostname: null,
25 verbose parsed url   hash: null,
25 verbose parsed url   search: null,
25 verbose parsed url   query: null,
25 verbose parsed url   pathname: '~2.1.1',
25 verbose parsed url   path: '~2.1.1',
25 verbose parsed url   href: '~2.1.1' }
26 verbose addNamed [ 'node-sass', '~2.1.1' ]
27 verbose addNamed [ null, '>=2.1.1-0 <2.2.0-0' ]
28 verbose cache add name="grunt-sass" spec="~0.18.1" args=["grunt-sass","~0.18.1"]
29 verbose parsed url { protocol: null,
29 verbose parsed url   slashes: null,
29 verbose parsed url   auth: null,
29 verbose parsed url   host: null,
29 verbose parsed url   port: null,
29 verbose parsed url   hostname: null,
29 verbose parsed url   hash: null,
29 verbose parsed url   search: null,
29 verbose parsed url   query: null,
29 verbose parsed url   pathname: '~0.18.1',
29 verbose parsed url   path: '~0.18.1',
29 verbose parsed url   href: '~0.18.1' }
30 verbose addNamed [ 'grunt-sass', '~0.18.1' ]
31 verbose addNamed [ null, '>=0.18.1-0 <0.19.0-0' ]
32 verbose cache add [ 'grunt-contrib-watch@~0.6.1', null ]
33 verbose cache add name=undefined spec="grunt-contrib-watch@~0.6.1" args=["grunt-contrib-watch@~0.6.1",null]
34 verbose parsed url { protocol: null,
34 verbose parsed url   slashes: null,
34 verbose parsed url   auth: null,
34 verbose parsed url   host: null,
34 verbose parsed url   port: null,
34 verbose parsed url   hostname: null,
34 verbose parsed url   hash: null,
34 verbose parsed url   search: null,
34 verbose parsed url   query: null,
34 verbose parsed url   pathname: 'grunt-contrib-watch@~0.6.1',
34 verbose parsed url   path: 'grunt-contrib-watch@~0.6.1',
34 verbose parsed url   href: 'grunt-contrib-watch@~0.6.1' }
35 verbose cache add name="grunt" spec="~0.4.5" args=["grunt","~0.4.5"]
36 verbose parsed url { protocol: null,
36 verbose parsed url   slashes: null,
36 verbose parsed url   auth: null,
36 verbose parsed url   host: null,
36 verbose parsed url   port: null,
36 verbose parsed url   hostname: null,
36 verbose parsed url   hash: null,
36 verbose parsed url   search: null,
36 verbose parsed url   query: null,
36 verbose parsed url   pathname: '~0.4.5',
36 verbose parsed url   path: '~0.4.5',
36 verbose parsed url   href: '~0.4.5' }
37 verbose addNamed [ 'grunt', '~0.4.5' ]
38 verbose addNamed [ null, '>=0.4.5-0 <0.5.0-0' ]
39 silly lockFile 36b9eb23-load-grunt-tasks-3-1-0 load-grunt-tasks@~3.1.0
40 verbose lock load-grunt-tasks@~3.1.0 /Users/joe/.npm/36b9eb23-load-grunt-tasks-3-1-0.lock
41 silly lockFile e097af24-node-sass-2-1-1 node-sass@~2.1.1
42 verbose lock node-sass@~2.1.1 /Users/joe/.npm/e097af24-node-sass-2-1-1.lock
43 silly lockFile ea22e849-grunt-sass-0-18-1 grunt-sass@~0.18.1
44 verbose lock grunt-sass@~0.18.1 /Users/joe/.npm/ea22e849-grunt-sass-0-18-1.lock
45 silly lockFile 240974bb-grunt-0-4-5 grunt@~0.4.5
46 verbose lock grunt@~0.4.5 /Users/joe/.npm/240974bb-grunt-0-4-5.lock
47 verbose cache add [ 'grunt-contrib-clean@~0.6.0', null ]
48 verbose cache add name=undefined spec="grunt-contrib-clean@~0.6.0" args=["grunt-contrib-clean@~0.6.0",null]
49 verbose parsed url { protocol: null,
49 verbose parsed url   slashes: null,
49 verbose parsed url   auth: null,
49 verbose parsed url   host: null,
49 verbose parsed url   port: null,
49 verbose parsed url   hostname: null,
49 verbose parsed url   hash: null,
49 verbose parsed url   search: null,
49 verbose parsed url   query: null,
49 verbose parsed url   pathname: 'grunt-contrib-clean@~0.6.0',
49 verbose parsed url   path: 'grunt-contrib-clean@~0.6.0',
49 verbose parsed url   href: 'grunt-contrib-clean@~0.6.0' }
50 verbose cache add [ 'grunt-contrib-copy@~0.8.0', null ]
51 verbose cache add name=undefined spec="grunt-contrib-copy@~0.8.0" args=["grunt-contrib-copy@~0.8.0",null]
52 verbose parsed url { protocol: null,
52 verbose parsed url   slashes: null,
52 verbose parsed url   auth: null,
52 verbose parsed url   host: null,
52 verbose parsed url   port: null,
52 verbose parsed url   hostname: null,
52 verbose parsed url   hash: null,
52 verbose parsed url   search: null,
52 verbose parsed url   query: null,
52 verbose parsed url   pathname: 'grunt-contrib-copy@~0.8.0',
52 verbose parsed url   path: 'grunt-contrib-copy@~0.8.0',
52 verbose parsed url   href: 'grunt-contrib-copy@~0.8.0' }
53 verbose cache add name="grunt-contrib-watch" spec="~0.6.1" args=["grunt-contrib-watch","~0.6.1"]
54 verbose parsed url { protocol: null,
54 verbose parsed url   slashes: null,
54 verbose parsed url   auth: null,
54 verbose parsed url   host: null,
54 verbose parsed url   port: null,
54 verbose parsed url   hostname: null,
54 verbose parsed url   hash: null,
54 verbose parsed url   search: null,
54 verbose parsed url   query: null,
54 verbose parsed url   pathname: '~0.6.1',
54 verbose parsed url   path: '~0.6.1',
54 verbose parsed url   href: '~0.6.1' }
55 verbose addNamed [ 'grunt-contrib-watch', '~0.6.1' ]
56 verbose addNamed [ null, '>=0.6.1-0 <0.7.0-0' ]
57 silly lockFile 82ce6ec8-grunt-contrib-watch-0-6-1 grunt-contrib-watch@~0.6.1
58 verbose lock grunt-contrib-watch@~0.6.1 /Users/joe/.npm/82ce6ec8-grunt-contrib-watch-0-6-1.lock
59 verbose cache add name="grunt-contrib-clean" spec="~0.6.0" args=["grunt-contrib-clean","~0.6.0"]
60 verbose parsed url { protocol: null,
60 verbose parsed url   slashes: null,
60 verbose parsed url   auth: null,
60 verbose parsed url   host: null,
60 verbose parsed url   port: null,
60 verbose parsed url   hostname: null,
60 verbose parsed url   hash: null,
60 verbose parsed url   search: null,
60 verbose parsed url   query: null,
60 verbose parsed url   pathname: '~0.6.0',
60 verbose parsed url   path: '~0.6.0',
60 verbose parsed url   href: '~0.6.0' }
61 verbose addNamed [ 'grunt-contrib-clean', '~0.6.0' ]
62 verbose addNamed [ null, '>=0.6.0-0 <0.7.0-0' ]
63 silly lockFile 944867a7-grunt-contrib-clean-0-6-0 grunt-contrib-clean@~0.6.0
64 verbose lock grunt-contrib-clean@~0.6.0 /Users/joe/.npm/944867a7-grunt-contrib-clean-0-6-0.lock
65 verbose cache add [ 'grunt-contrib-cssmin@~0.12.2', null ]
66 verbose cache add name=undefined spec="grunt-contrib-cssmin@~0.12.2" args=["grunt-contrib-cssmin@~0.12.2",null]
67 verbose parsed url { protocol: null,
67 verbose parsed url   slashes: null,
67 verbose parsed url   auth: null,
67 verbose parsed url   host: null,
67 verbose parsed url   port: null,
67 verbose parsed url   hostname: null,
67 verbose parsed url   hash: null,
67 verbose parsed url   search: null,
67 verbose parsed url   query: null,
67 verbose parsed url   pathname: 'grunt-contrib-cssmin@~0.12.2',
67 verbose parsed url   path: 'grunt-contrib-cssmin@~0.12.2',
67 verbose parsed url   href: 'grunt-contrib-cssmin@~0.12.2' }
68 verbose cache add name="grunt-contrib-copy" spec="~0.8.0" args=["grunt-contrib-copy","~0.8.0"]
69 verbose parsed url { protocol: null,
69 verbose parsed url   slashes: null,
69 verbose parsed url   auth: null,
69 verbose parsed url   host: null,
69 verbose parsed url   port: null,
69 verbose parsed url   hostname: null,
69 verbose parsed url   hash: null,
69 verbose parsed url   search: null,
69 verbose parsed url   query: null,
69 verbose parsed url   pathname: '~0.8.0',
69 verbose parsed url   path: '~0.8.0',
69 verbose parsed url   href: '~0.8.0' }
70 verbose addNamed [ 'grunt-contrib-copy', '~0.8.0' ]
71 verbose addNamed [ null, '>=0.8.0-0 <0.9.0-0' ]
72 silly lockFile 0e8a5e90-grunt-contrib-copy-0-8-0 grunt-contrib-copy@~0.8.0
73 verbose lock grunt-contrib-copy@~0.8.0 /Users/joe/.npm/0e8a5e90-grunt-contrib-copy-0-8-0.lock
74 silly addNameRange { name: 'load-grunt-tasks',
74 silly addNameRange   range: '>=3.1.0-0 <3.2.0-0',
74 silly addNameRange   hasData: false }
75 silly addNameRange { name: 'node-sass',
75 silly addNameRange   range: '>=2.1.1-0 <2.2.0-0',
75 silly addNameRange   hasData: false }
76 verbose cache add [ 'grunt-contrib-uglify@~0.9.1', null ]
77 verbose cache add name=undefined spec="grunt-contrib-uglify@~0.9.1" args=["grunt-contrib-uglify@~0.9.1",null]
78 verbose parsed url { protocol: null,
78 verbose parsed url   slashes: null,
78 verbose parsed url   auth: null,
78 verbose parsed url   host: null,
78 verbose parsed url   port: null,
78 verbose parsed url   hostname: null,
78 verbose parsed url   hash: null,
78 verbose parsed url   search: null,
78 verbose parsed url   query: null,
78 verbose parsed url   pathname: 'grunt-contrib-uglify@~0.9.1',
78 verbose parsed url   path: 'grunt-contrib-uglify@~0.9.1',
78 verbose parsed url   href: 'grunt-contrib-uglify@~0.9.1' }
79 verbose cache add [ 'grunt-contrib-concat@~0.5.1', null ]
80 verbose cache add name=undefined spec="grunt-contrib-concat@~0.5.1" args=["grunt-contrib-concat@~0.5.1",null]
81 verbose parsed url { protocol: null,
81 verbose parsed url   slashes: null,
81 verbose parsed url   auth: null,
81 verbose parsed url   host: null,
81 verbose parsed url   port: null,
81 verbose parsed url   hostname: null,
81 verbose parsed url   hash: null,
81 verbose parsed url   search: null,
81 verbose parsed url   query: null,
81 verbose parsed url   pathname: 'grunt-contrib-concat@~0.5.1',
81 verbose parsed url   path: 'grunt-contrib-concat@~0.5.1',
81 verbose parsed url   href: 'grunt-contrib-concat@~0.5.1' }
82 verbose cache add [ 'grunt-contrib-jshint@~0.11.2', null ]
83 verbose cache add name=undefined spec="grunt-contrib-jshint@~0.11.2" args=["grunt-contrib-jshint@~0.11.2",null]
84 verbose parsed url { protocol: null,
84 verbose parsed url   slashes: null,
84 verbose parsed url   auth: null,
84 verbose parsed url   host: null,
84 verbose parsed url   port: null,
84 verbose parsed url   hostname: null,
84 verbose parsed url   hash: null,
84 verbose parsed url   search: null,
84 verbose parsed url   query: null,
84 verbose parsed url   pathname: 'grunt-contrib-jshint@~0.11.2',
84 verbose parsed url   path: 'grunt-contrib-jshint@~0.11.2',
84 verbose parsed url   href: 'grunt-contrib-jshint@~0.11.2' }
85 verbose cache add [ 'grunt-contrib-connect@~0.10.1', null ]
86 verbose cache add name=undefined spec="grunt-contrib-connect@~0.10.1" args=["grunt-contrib-connect@~0.10.1",null]
87 verbose parsed url { protocol: null,
87 verbose parsed url   slashes: null,
87 verbose parsed url   auth: null,
87 verbose parsed url   host: null,
87 verbose parsed url   port: null,
87 verbose parsed url   hostname: null,
87 verbose parsed url   hash: null,
87 verbose parsed url   search: null,
87 verbose parsed url   query: null,
87 verbose parsed url   pathname: 'grunt-contrib-connect@~0.10.1',
87 verbose parsed url   path: 'grunt-contrib-connect@~0.10.1',
87 verbose parsed url   href: 'grunt-contrib-connect@~0.10.1' }
88 verbose cache add name="grunt-contrib-cssmin" spec="~0.12.2" args=["grunt-contrib-cssmin","~0.12.2"]
89 verbose parsed url { protocol: null,
89 verbose parsed url   slashes: null,
89 verbose parsed url   auth: null,
89 verbose parsed url   host: null,
89 verbose parsed url   port: null,
89 verbose parsed url   hostname: null,
89 verbose parsed url   hash: null,
89 verbose parsed url   search: null,
89 verbose parsed url   query: null,
89 verbose parsed url   pathname: '~0.12.2',
89 verbose parsed url   path: '~0.12.2',
89 verbose parsed url   href: '~0.12.2' }
90 verbose addNamed [ 'grunt-contrib-cssmin', '~0.12.2' ]
91 verbose addNamed [ null, '>=0.12.2-0 <0.13.0-0' ]
92 silly lockFile 722ac562-grunt-contrib-cssmin-0-12-2 grunt-contrib-cssmin@~0.12.2
93 verbose lock grunt-contrib-cssmin@~0.12.2 /Users/joe/.npm/722ac562-grunt-contrib-cssmin-0-12-2.lock
94 silly addNameRange { name: 'grunt-sass',
94 silly addNameRange   range: '>=0.18.1-0 <0.19.0-0',
94 silly addNameRange   hasData: false }
95 silly addNameRange { name: 'grunt', range: '>=0.4.5-0 <0.5.0-0', hasData: false }
96 silly addNameRange { name: 'grunt-contrib-watch',
96 silly addNameRange   range: '>=0.6.1-0 <0.7.0-0',
96 silly addNameRange   hasData: false }
97 verbose cache add name="grunt-contrib-uglify" spec="~0.9.1" args=["grunt-contrib-uglify","~0.9.1"]
98 verbose parsed url { protocol: null,
98 verbose parsed url   slashes: null,
98 verbose parsed url   auth: null,
98 verbose parsed url   host: null,
98 verbose parsed url   port: null,
98 verbose parsed url   hostname: null,
98 verbose parsed url   hash: null,
98 verbose parsed url   search: null,
98 verbose parsed url   query: null,
98 verbose parsed url   pathname: '~0.9.1',
98 verbose parsed url   path: '~0.9.1',
98 verbose parsed url   href: '~0.9.1' }
99 verbose addNamed [ 'grunt-contrib-uglify', '~0.9.1' ]
100 verbose addNamed [ null, '>=0.9.1-0 <0.10.0-0' ]
101 silly lockFile 88f03733-grunt-contrib-uglify-0-9-1 grunt-contrib-uglify@~0.9.1
102 verbose lock grunt-contrib-uglify@~0.9.1 /Users/joe/.npm/88f03733-grunt-contrib-uglify-0-9-1.lock
103 verbose cache add name="grunt-contrib-concat" spec="~0.5.1" args=["grunt-contrib-concat","~0.5.1"]
104 verbose parsed url { protocol: null,
104 verbose parsed url   slashes: null,
104 verbose parsed url   auth: null,
104 verbose parsed url   host: null,
104 verbose parsed url   port: null,
104 verbose parsed url   hostname: null,
104 verbose parsed url   hash: null,
104 verbose parsed url   search: null,
104 verbose parsed url   query: null,
104 verbose parsed url   pathname: '~0.5.1',
104 verbose parsed url   path: '~0.5.1',
104 verbose parsed url   href: '~0.5.1' }
105 verbose addNamed [ 'grunt-contrib-concat', '~0.5.1' ]
106 verbose addNamed [ null, '>=0.5.1-0 <0.6.0-0' ]
107 silly lockFile 03406c1b-grunt-contrib-concat-0-5-1 grunt-contrib-concat@~0.5.1
108 verbose lock grunt-contrib-concat@~0.5.1 /Users/joe/.npm/03406c1b-grunt-contrib-concat-0-5-1.lock
109 verbose cache add name="grunt-contrib-jshint" spec="~0.11.2" args=["grunt-contrib-jshint","~0.11.2"]
110 verbose parsed url { protocol: null,
110 verbose parsed url   slashes: null,
110 verbose parsed url   auth: null,
110 verbose parsed url   host: null,
110 verbose parsed url   port: null,
110 verbose parsed url   hostname: null,
110 verbose parsed url   hash: null,
110 verbose parsed url   search: null,
110 verbose parsed url   query: null,
110 verbose parsed url   pathname: '~0.11.2',
110 verbose parsed url   path: '~0.11.2',
110 verbose parsed url   href: '~0.11.2' }
111 verbose addNamed [ 'grunt-contrib-jshint', '~0.11.2' ]
112 verbose addNamed [ null, '>=0.11.2-0 <0.12.0-0' ]
113 silly lockFile 1ae062fa-grunt-contrib-jshint-0-11-2 grunt-contrib-jshint@~0.11.2
114 verbose lock grunt-contrib-jshint@~0.11.2 /Users/joe/.npm/1ae062fa-grunt-contrib-jshint-0-11-2.lock
115 verbose cache add [ 'grunt-wiredep@~2.0.0', null ]
116 verbose cache add name=undefined spec="grunt-wiredep@~2.0.0" args=["grunt-wiredep@~2.0.0",null]
117 verbose parsed url { protocol: null,
117 verbose parsed url   slashes: null,
117 verbose parsed url   auth: null,
117 verbose parsed url   host: null,
117 verbose parsed url   port: null,
117 verbose parsed url   hostname: null,
117 verbose parsed url   hash: null,
117 verbose parsed url   search: null,
117 verbose parsed url   query: null,
117 verbose parsed url   pathname: 'grunt-wiredep@~2.0.0',
117 verbose parsed url   path: 'grunt-wiredep@~2.0.0',
117 verbose parsed url   href: 'grunt-wiredep@~2.0.0' }
118 verbose cache add [ 'grunt-usemin@~3.0.0', null ]
119 verbose cache add name=undefined spec="grunt-usemin@~3.0.0" args=["grunt-usemin@~3.0.0",null]
120 verbose parsed url { protocol: null,
120 verbose parsed url   slashes: null,
120 verbose parsed url   auth: null,
120 verbose parsed url   host: null,
120 verbose parsed url   port: null,
120 verbose parsed url   hostname: null,
120 verbose parsed url   hash: null,
120 verbose parsed url   search: null,
120 verbose parsed url   query: null,
120 verbose parsed url   pathname: 'grunt-usemin@~3.0.0',
120 verbose parsed url   path: 'grunt-usemin@~3.0.0',
120 verbose parsed url   href: 'grunt-usemin@~3.0.0' }
121 verbose cache add [ 'grunt-contrib-imagemin@0.9.4', null ]
122 verbose cache add name=undefined spec="grunt-contrib-imagemin@0.9.4" args=["grunt-contrib-imagemin@0.9.4",null]
123 verbose parsed url { protocol: null,
123 verbose parsed url   slashes: null,
123 verbose parsed url   auth: null,
123 verbose parsed url   host: null,
123 verbose parsed url   port: null,
123 verbose parsed url   hostname: null,
123 verbose parsed url   hash: null,
123 verbose parsed url   search: null,
123 verbose parsed url   query: null,
123 verbose parsed url   pathname: 'grunt-contrib-imagemin@0.9.4',
123 verbose parsed url   path: 'grunt-contrib-imagemin@0.9.4',
123 verbose parsed url   href: 'grunt-contrib-imagemin@0.9.4' }
124 verbose cache add name="grunt-contrib-connect" spec="~0.10.1" args=["grunt-contrib-connect","~0.10.1"]
125 verbose parsed url { protocol: null,
125 verbose parsed url   slashes: null,
125 verbose parsed url   auth: null,
125 verbose parsed url   host: null,
125 verbose parsed url   port: null,
125 verbose parsed url   hostname: null,
125 verbose parsed url   hash: null,
125 verbose parsed url   search: null,
125 verbose parsed url   query: null,
125 verbose parsed url   pathname: '~0.10.1',
125 verbose parsed url   path: '~0.10.1',
125 verbose parsed url   href: '~0.10.1' }
126 verbose addNamed [ 'grunt-contrib-connect', '~0.10.1' ]
127 verbose addNamed [ null, '>=0.10.1-0 <0.11.0-0' ]
128 silly lockFile 41395eae-grunt-contrib-connect-0-10-1 grunt-contrib-connect@~0.10.1
129 verbose lock grunt-contrib-connect@~0.10.1 /Users/joe/.npm/41395eae-grunt-contrib-connect-0-10-1.lock
130 silly addNameRange { name: 'grunt-contrib-clean',
130 silly addNameRange   range: '>=0.6.0-0 <0.7.0-0',
130 silly addNameRange   hasData: false }
131 silly addNameRange { name: 'grunt-contrib-copy',
131 silly addNameRange   range: '>=0.8.0-0 <0.9.0-0',
131 silly addNameRange   hasData: false }
132 verbose cache add name="grunt-wiredep" spec="~2.0.0" args=["grunt-wiredep","~2.0.0"]
133 verbose parsed url { protocol: null,
133 verbose parsed url   slashes: null,
133 verbose parsed url   auth: null,
133 verbose parsed url   host: null,
133 verbose parsed url   port: null,
133 verbose parsed url   hostname: null,
133 verbose parsed url   hash: null,
133 verbose parsed url   search: null,
133 verbose parsed url   query: null,
133 verbose parsed url   pathname: '~2.0.0',
133 verbose parsed url   path: '~2.0.0',
133 verbose parsed url   href: '~2.0.0' }
134 verbose addNamed [ 'grunt-wiredep', '~2.0.0' ]
135 verbose addNamed [ null, '>=2.0.0-0 <2.1.0-0' ]
136 silly lockFile c674504f-grunt-wiredep-2-0-0 grunt-wiredep@~2.0.0
137 verbose lock grunt-wiredep@~2.0.0 /Users/joe/.npm/c674504f-grunt-wiredep-2-0-0.lock
138 verbose cache add name="grunt-usemin" spec="~3.0.0" args=["grunt-usemin","~3.0.0"]
139 verbose parsed url { protocol: null,
139 verbose parsed url   slashes: null,
139 verbose parsed url   auth: null,
139 verbose parsed url   host: null,
139 verbose parsed url   port: null,
139 verbose parsed url   hostname: null,
139 verbose parsed url   hash: null,
139 verbose parsed url   search: null,
139 verbose parsed url   query: null,
139 verbose parsed url   pathname: '~3.0.0',
139 verbose parsed url   path: '~3.0.0',
139 verbose parsed url   href: '~3.0.0' }
140 verbose addNamed [ 'grunt-usemin', '~3.0.0' ]
141 verbose addNamed [ null, '>=3.0.0-0 <3.1.0-0' ]
142 silly lockFile 10b1f4cf-grunt-usemin-3-0-0 grunt-usemin@~3.0.0
143 verbose lock grunt-usemin@~3.0.0 /Users/joe/.npm/10b1f4cf-grunt-usemin-3-0-0.lock
144 verbose cache add [ 'grunt-newer@~1.1.0', null ]
145 verbose cache add name=undefined spec="grunt-newer@~1.1.0" args=["grunt-newer@~1.1.0",null]
146 verbose parsed url { protocol: null,
146 verbose parsed url   slashes: null,
146 verbose parsed url   auth: null,
146 verbose parsed url   host: null,
146 verbose parsed url   port: null,
146 verbose parsed url   hostname: null,
146 verbose parsed url   hash: null,
146 verbose parsed url   search: null,
146 verbose parsed url   query: null,
146 verbose parsed url   pathname: 'grunt-newer@~1.1.0',
146 verbose parsed url   path: 'grunt-newer@~1.1.0',
146 verbose parsed url   href: 'grunt-newer@~1.1.0' }
147 verbose cache add name="grunt-contrib-imagemin" spec="0.9.4" args=["grunt-contrib-imagemin","0.9.4"]
148 verbose parsed url { protocol: null,
148 verbose parsed url   slashes: null,
148 verbose parsed url   auth: null,
148 verbose parsed url   host: null,
148 verbose parsed url   port: null,
148 verbose parsed url   hostname: null,
148 verbose parsed url   hash: null,
148 verbose parsed url   search: null,
148 verbose parsed url   query: null,
148 verbose parsed url   pathname: '0.9.4',
148 verbose parsed url   path: '0.9.4',
148 verbose parsed url   href: '0.9.4' }
149 verbose addNamed [ 'grunt-contrib-imagemin', '0.9.4' ]
150 verbose addNamed [ '0.9.4', '0.9.4' ]
151 silly lockFile 24151d45-grunt-contrib-imagemin-0-9-4 grunt-contrib-imagemin@0.9.4
152 verbose lock grunt-contrib-imagemin@0.9.4 /Users/joe/.npm/24151d45-grunt-contrib-imagemin-0-9-4.lock
153 silly addNameRange { name: 'grunt-contrib-cssmin',
153 silly addNameRange   range: '>=0.12.2-0 <0.13.0-0',
153 silly addNameRange   hasData: false }
154 silly addNameRange { name: 'grunt-contrib-uglify',
154 silly addNameRange   range: '>=0.9.1-0 <0.10.0-0',
154 silly addNameRange   hasData: false }
155 silly addNameRange { name: 'grunt-contrib-concat',
155 silly addNameRange   range: '>=0.5.1-0 <0.6.0-0',
155 silly addNameRange   hasData: false }
156 silly addNameRange { name: 'grunt-contrib-jshint',
156 silly addNameRange   range: '>=0.11.2-0 <0.12.0-0',
156 silly addNameRange   hasData: false }
157 verbose cache add name="grunt-newer" spec="~1.1.0" args=["grunt-newer","~1.1.0"]
158 verbose parsed url { protocol: null,
158 verbose parsed url   slashes: null,
158 verbose parsed url   auth: null,
158 verbose parsed url   host: null,
158 verbose parsed url   port: null,
158 verbose parsed url   hostname: null,
158 verbose parsed url   hash: null,
158 verbose parsed url   search: null,
158 verbose parsed url   query: null,
158 verbose parsed url   pathname: '~1.1.0',
158 verbose parsed url   path: '~1.1.0',
158 verbose parsed url   href: '~1.1.0' }
159 verbose addNamed [ 'grunt-newer', '~1.1.0' ]
160 verbose addNamed [ null, '>=1.1.0-0 <1.2.0-0' ]
161 silly lockFile b9f44c5e-grunt-newer-1-1-0 grunt-newer@~1.1.0
162 verbose lock grunt-newer@~1.1.0 /Users/joe/.npm/b9f44c5e-grunt-newer-1-1-0.lock
163 silly addNameRange { name: 'grunt-contrib-connect',
163 silly addNameRange   range: '>=0.10.1-0 <0.11.0-0',
163 silly addNameRange   hasData: false }
164 silly addNameRange { name: 'grunt-wiredep',
164 silly addNameRange   range: '>=2.0.0-0 <2.1.0-0',
164 silly addNameRange   hasData: false }
165 silly addNameRange { name: 'grunt-usemin',
165 silly addNameRange   range: '>=3.0.0-0 <3.1.0-0',
165 silly addNameRange   hasData: false }
166 verbose request where is /load-grunt-tasks
167 verbose request registry https://registry.npmjs.org/
168 verbose request id fbe133da9fd60126
169 verbose url raw /load-grunt-tasks
170 verbose url resolving [ 'https://registry.npmjs.org/', './load-grunt-tasks' ]
171 verbose url resolved https://registry.npmjs.org/load-grunt-tasks
172 verbose request where is https://registry.npmjs.org/load-grunt-tasks
173 info trying registry request attempt 1 at 12:28:42
174 verbose etag "4F3JGSI5JIGAC5W63UR5HNK1"
175 http GET https://registry.npmjs.org/load-grunt-tasks
176 verbose request where is /node-sass
177 verbose request registry https://registry.npmjs.org/
178 verbose url raw /node-sass
179 verbose url resolving [ 'https://registry.npmjs.org/', './node-sass' ]
180 verbose url resolved https://registry.npmjs.org/node-sass
181 verbose request where is https://registry.npmjs.org/node-sass
182 info trying registry request attempt 1 at 12:28:42
183 verbose etag "6YXZRXEAJR9XUWL85LOY6I2Q7"
184 http GET https://registry.npmjs.org/node-sass
185 silly addNameRange { name: 'grunt-newer',
185 silly addNameRange   range: '>=1.1.0-0 <1.2.0-0',
185 silly addNameRange   hasData: false }
186 verbose request where is /grunt-sass
187 verbose request registry https://registry.npmjs.org/
188 verbose url raw /grunt-sass
189 verbose url resolving [ 'https://registry.npmjs.org/', './grunt-sass' ]
190 verbose url resolved https://registry.npmjs.org/grunt-sass
191 verbose request where is https://registry.npmjs.org/grunt-sass
192 info trying registry request attempt 1 at 12:28:42
193 verbose etag "RQ3SAPA0VV65R0INXOBYOBXQ"
194 http GET https://registry.npmjs.org/grunt-sass
195 verbose request where is /grunt-contrib-watch
196 verbose request registry https://registry.npmjs.org/
197 verbose url raw /grunt-contrib-watch
198 verbose url resolving [ 'https://registry.npmjs.org/', './grunt-contrib-watch' ]
199 verbose url resolved https://registry.npmjs.org/grunt-contrib-watch
200 verbose request where is https://registry.npmjs.org/grunt-contrib-watch
201 info trying registry request attempt 1 at 12:28:42
202 verbose etag "AE1BI4EP1UZSCZUNQDUTN8NLI"
203 http GET https://registry.npmjs.org/grunt-contrib-watch
204 verbose request where is /grunt
205 verbose request registry https://registry.npmjs.org/
206 verbose url raw /grunt
207 verbose url resolving [ 'https://registry.npmjs.org/', './grunt' ]
208 verbose url resolved https://registry.npmjs.org/grunt
209 verbose request where is https://registry.npmjs.org/grunt
210 info trying registry request attempt 1 at 12:28:42
211 verbose etag "DVZAULZ49SXLG9S4ULBRWBXVO"
212 http GET https://registry.npmjs.org/grunt
213 verbose request where is /grunt-contrib-clean
214 verbose request registry https://registry.npmjs.org/
215 verbose url raw /grunt-contrib-clean
216 verbose url resolving [ 'https://registry.npmjs.org/', './grunt-contrib-clean' ]
217 verbose url resolved https://registry.npmjs.org/grunt-contrib-clean
218 verbose request where is https://registry.npmjs.org/grunt-contrib-clean
219 info trying registry request attempt 1 at 12:28:42
220 verbose etag "7PCJ1O4AL08R7TZSLSBZ2360Y"
221 http GET https://registry.npmjs.org/grunt-contrib-clean
222 verbose request where is /grunt-contrib-copy
223 verbose request registry https://registry.npmjs.org/
224 verbose url raw /grunt-contrib-copy
225 verbose url resolving [ 'https://registry.npmjs.org/', './grunt-contrib-copy' ]
226 verbose url resolved https://registry.npmjs.org/grunt-contrib-copy
227 verbose request where is https://registry.npmjs.org/grunt-contrib-copy
228 info trying registry request attempt 1 at 12:28:42
229 verbose etag "AF4RJMR6W0I4GJG96Q4J0RLUM"
230 http GET https://registry.npmjs.org/grunt-contrib-copy
231 verbose request where is /grunt-contrib-cssmin
232 verbose request registry https://registry.npmjs.org/
233 verbose url raw /grunt-contrib-cssmin
234 verbose url resolving [ 'https://registry.npmjs.org/', './grunt-contrib-cssmin' ]
235 verbose url resolved https://registry.npmjs.org/grunt-contrib-cssmin
236 verbose request where is https://registry.npmjs.org/grunt-contrib-cssmin
237 info trying registry request attempt 1 at 12:28:42
238 verbose etag "6JK8JQ1ESNF2RNA2T4V79RQN0"
239 http GET https://registry.npmjs.org/grunt-contrib-cssmin
240 verbose request where is /grunt-contrib-uglify
241 verbose request registry https://registry.npmjs.org/
242 verbose url raw /grunt-contrib-uglify
243 verbose url resolving [ 'https://registry.npmjs.org/', './grunt-contrib-uglify' ]
244 verbose url resolved https://registry.npmjs.org/grunt-contrib-uglify
245 verbose request where is https://registry.npmjs.org/grunt-contrib-uglify
246 info trying registry request attempt 1 at 12:28:42
247 verbose etag "E3FZODU21KEHKUBS6N0T6L1C7"
248 http GET https://registry.npmjs.org/grunt-contrib-uglify
249 verbose request where is /grunt-contrib-concat
250 verbose request registry https://registry.npmjs.org/
251 verbose url raw /grunt-contrib-concat
252 verbose url resolving [ 'https://registry.npmjs.org/', './grunt-contrib-concat' ]
253 verbose url resolved https://registry.npmjs.org/grunt-contrib-concat
254 verbose request where is https://registry.npmjs.org/grunt-contrib-concat
255 info trying registry request attempt 1 at 12:28:42
256 verbose etag "926KZ94PE30IR3VG7KKVBHOVJ"
257 http GET https://registry.npmjs.org/grunt-contrib-concat
258 verbose request where is /grunt-contrib-jshint
259 verbose request registry https://registry.npmjs.org/
260 verbose url raw /grunt-contrib-jshint
261 verbose url resolving [ 'https://registry.npmjs.org/', './grunt-contrib-jshint' ]
262 verbose url resolved https://registry.npmjs.org/grunt-contrib-jshint
263 verbose request where is https://registry.npmjs.org/grunt-contrib-jshint
264 info trying registry request attempt 1 at 12:28:42
265 verbose etag "251RIH8AL5RJNXRH002DPFBQJ"
266 http GET https://registry.npmjs.org/grunt-contrib-jshint
267 verbose request where is /grunt-contrib-connect
268 verbose request registry https://registry.npmjs.org/
269 verbose url raw /grunt-contrib-connect
270 verbose url resolving [ 'https://registry.npmjs.org/', './grunt-contrib-connect' ]
271 verbose url resolved https://registry.npmjs.org/grunt-contrib-connect
272 verbose request where is https://registry.npmjs.org/grunt-contrib-connect
273 info trying registry request attempt 1 at 12:28:42
274 verbose etag "CC601ZEWTB5F0WNIW32ZK3GGW"
275 http GET https://registry.npmjs.org/grunt-contrib-connect
276 verbose request where is /grunt-wiredep
277 verbose request registry https://registry.npmjs.org/
278 verbose url raw /grunt-wiredep
279 verbose url resolving [ 'https://registry.npmjs.org/', './grunt-wiredep' ]
280 verbose url resolved https://registry.npmjs.org/grunt-wiredep
281 verbose request where is https://registry.npmjs.org/grunt-wiredep
282 info trying registry request attempt 1 at 12:28:42
283 verbose etag "3RY2KOCUHOX7RURQATA7C6CP3"
284 http GET https://registry.npmjs.org/grunt-wiredep
285 verbose request where is /grunt-contrib-imagemin
286 verbose request registry https://registry.npmjs.org/
287 verbose url raw /grunt-contrib-imagemin
288 verbose url resolving [ 'https://registry.npmjs.org/', './grunt-contrib-imagemin' ]
289 verbose url resolved https://registry.npmjs.org/grunt-contrib-imagemin
290 verbose request where is https://registry.npmjs.org/grunt-contrib-imagemin
291 info trying registry request attempt 1 at 12:28:42
292 verbose etag "54VEZN6ADGM15AP47Z75JSDJZ"
293 http GET https://registry.npmjs.org/grunt-contrib-imagemin
294 verbose request where is /grunt-usemin
295 verbose request registry https://registry.npmjs.org/
296 verbose url raw /grunt-usemin
297 verbose url resolving [ 'https://registry.npmjs.org/', './grunt-usemin' ]
298 verbose url resolved https://registry.npmjs.org/grunt-usemin
299 verbose request where is https://registry.npmjs.org/grunt-usemin
300 info trying registry request attempt 1 at 12:28:42
301 verbose etag "2M5X8GQHP9I9COZ796PFY0O9B"
302 http GET https://registry.npmjs.org/grunt-usemin
303 verbose request where is /grunt-newer
304 verbose request registry https://registry.npmjs.org/
305 verbose url raw /grunt-newer
306 verbose url resolving [ 'https://registry.npmjs.org/', './grunt-newer' ]
307 verbose url resolved https://registry.npmjs.org/grunt-newer
308 verbose request where is https://registry.npmjs.org/grunt-newer
309 info trying registry request attempt 1 at 12:28:42
310 verbose etag "E47FNUIE3MBKI3MRN9764I3E9"
311 http GET https://registry.npmjs.org/grunt-newer
312 http 304 https://registry.npmjs.org/grunt-sass
313 silly registry.get cb [ 304,
313 silly registry.get   { date: 'Fri, 03 Jul 2015 16:28:43 GMT',
313 silly registry.get     via: '1.1 varnish',
313 silly registry.get     'cache-control': 'max-age=60',
313 silly registry.get     etag: '"RQ3SAPA0VV65R0INXOBYOBXQ"',
313 silly registry.get     age: '34',
313 silly registry.get     connection: 'keep-alive',
313 silly registry.get     'x-served-by': 'cache-jfk1032-JFK',
313 silly registry.get     'x-cache': 'HIT',
313 silly registry.get     'x-cache-hits': '1',
313 silly registry.get     'x-timer': 'S1435940923.080378,VS0,VE0',
313 silly registry.get     vary: 'Accept' } ]
314 verbose etag https://registry.npmjs.org/grunt-sass from cache
315 silly addNameRange number 2 { name: 'grunt-sass',
315 silly addNameRange   range: '>=0.18.1-0 <0.19.0-0',
315 silly addNameRange   hasData: true }
316 silly addNameRange versions [ 'grunt-sass',
316 silly addNameRange   [ '0.1.0',
316 silly addNameRange     '0.2.1',
316 silly addNameRange     '0.2.2',
316 silly addNameRange     '0.2.3',
316 silly addNameRange     '0.2.4',
316 silly addNameRange     '0.2.5',
316 silly addNameRange     '0.3.0',
316 silly addNameRange     '0.4.0',
316 silly addNameRange     '0.4.1',
316 silly addNameRange     '0.5.0',
316 silly addNameRange     '0.6.0',
316 silly addNameRange     '0.6.1',
316 silly addNameRange     '0.7.0',
316 silly addNameRange     '0.8.0',
316 silly addNameRange     '0.8.1',
316 silly addNameRange     '0.9.0',
316 silly addNameRange     '0.10.0',
316 silly addNameRange     '0.11.0',
316 silly addNameRange     '0.12.0',
316 silly addNameRange     '0.12.1',
316 silly addNameRange     '0.13.0',
316 silly addNameRange     '0.13.1',
316 silly addNameRange     '0.14.0',
316 silly addNameRange     '0.14.1',
316 silly addNameRange     '0.14.2',
316 silly addNameRange     '0.15.0',
316 silly addNameRange     '0.16.0',
316 silly addNameRange     '0.16.1',
316 silly addNameRange     '0.17.0',
316 silly addNameRange     '0.18.0',
316 silly addNameRange     '0.18.1',
316 silly addNameRange     '1.0.0' ] ]
317 verbose addNamed [ 'grunt-sass', '0.18.1' ]
318 verbose addNamed [ '0.18.1', '0.18.1' ]
319 silly lockFile 6c992780-grunt-sass-0-18-1 grunt-sass@0.18.1
320 verbose lock grunt-sass@0.18.1 /Users/joe/.npm/6c992780-grunt-sass-0-18-1.lock
321 silly lockFile 6c992780-grunt-sass-0-18-1 grunt-sass@0.18.1
322 silly lockFile 6c992780-grunt-sass-0-18-1 grunt-sass@0.18.1
323 silly lockFile ea22e849-grunt-sass-0-18-1 grunt-sass@~0.18.1
324 silly lockFile ea22e849-grunt-sass-0-18-1 grunt-sass@~0.18.1
325 http 304 https://registry.npmjs.org/node-sass
326 silly registry.get cb [ 304,
326 silly registry.get   { date: 'Fri, 03 Jul 2015 16:28:43 GMT',
326 silly registry.get     via: '1.1 varnish',
326 silly registry.get     'cache-control': 'max-age=60',
326 silly registry.get     etag: '"6YXZRXEAJR9XUWL85LOY6I2Q7"',
326 silly registry.get     age: '53',
326 silly registry.get     connection: 'keep-alive',
326 silly registry.get     'x-served-by': 'cache-jfk1029-JFK',
326 silly registry.get     'x-cache': 'HIT',
326 silly registry.get     'x-cache-hits': '1',
326 silly registry.get     'x-timer': 'S1435940923.093261,VS0,VE1',
326 silly registry.get     vary: 'Accept' } ]
327 verbose etag https://registry.npmjs.org/node-sass from cache
328 http 304 https://registry.npmjs.org/grunt
329 silly registry.get cb [ 304,
329 silly registry.get   { date: 'Fri, 03 Jul 2015 16:28:43 GMT',
329 silly registry.get     via: '1.1 varnish',
329 silly registry.get     'cache-control': 'max-age=60',
329 silly registry.get     etag: '"DVZAULZ49SXLG9S4ULBRWBXVO"',
329 silly registry.get     age: '46',
329 silly registry.get     connection: 'keep-alive',
329 silly registry.get     'x-served-by': 'cache-jfk1029-JFK',
329 silly registry.get     'x-cache': 'HIT',
329 silly registry.get     'x-cache-hits': '2',
329 silly registry.get     'x-timer': 'S1435940923.100328,VS0,VE0',
329 silly registry.get     vary: 'Accept' } ]
330 verbose etag https://registry.npmjs.org/grunt from cache
331 http 304 https://registry.npmjs.org/grunt-contrib-clean
332 silly registry.get cb [ 304,
332 silly registry.get   { date: 'Fri, 03 Jul 2015 16:28:43 GMT',
332 silly registry.get     via: '1.1 varnish',
332 silly registry.get     'cache-control': 'max-age=60',
332 silly registry.get     etag: '"7PCJ1O4AL08R7TZSLSBZ2360Y"',
332 silly registry.get     age: '44',
332 silly registry.get     connection: 'keep-alive',
332 silly registry.get     'x-served-by': 'cache-jfk1032-JFK',
332 silly registry.get     'x-cache': 'HIT',
332 silly registry.get     'x-cache-hits': '1',
332 silly registry.get     'x-timer': 'S1435940923.100224,VS0,VE0',
332 silly registry.get     vary: 'Accept' } ]
333 verbose etag https://registry.npmjs.org/grunt-contrib-clean from cache
334 http 304 https://registry.npmjs.org/grunt-contrib-watch
335 silly registry.get cb [ 304,
335 silly registry.get   { date: 'Fri, 03 Jul 2015 16:28:43 GMT',
335 silly registry.get     via: '1.1 varnish',
335 silly registry.get     'cache-control': 'max-age=60',
335 silly registry.get     etag: '"AE1BI4EP1UZSCZUNQDUTN8NLI"',
335 silly registry.get     age: '6',
335 silly registry.get     connection: 'keep-alive',
335 silly registry.get     'x-served-by': 'cache-jfk1029-JFK',
335 silly registry.get     'x-cache': 'HIT',
335 silly registry.get     'x-cache-hits': '1',
335 silly registry.get     'x-timer': 'S1435940923.100297,VS0,VE0',
335 silly registry.get     vary: 'Accept' } ]
336 verbose etag https://registry.npmjs.org/grunt-contrib-watch from cache
337 silly addNameRange number 2 { name: 'node-sass', range: '>=2.1.1-0 <2.2.0-0', hasData: true }
338 silly addNameRange versions [ 'node-sass',
338 silly addNameRange   [ '0.2.0',
338 silly addNameRange     '0.2.1',
338 silly addNameRange     '0.2.2',
338 silly addNameRange     '0.2.3',
338 silly addNameRange     '0.2.4',
338 silly addNameRange     '0.2.5',
338 silly addNameRange     '0.2.6',
338 silly addNameRange     '0.3.0',
338 silly addNameRange     '0.4.0',
338 silly addNameRange     '0.4.1',
338 silly addNameRange     '0.4.2',
338 silly addNameRange     '0.4.3',
338 silly addNameRange     '0.4.4',
338 silly addNameRange     '0.5.0',
338 silly addNameRange     '0.5.1',
338 silly addNameRange     '0.5.2',
338 silly addNameRange     '0.5.3',
338 silly addNameRange     '0.5.4',
338 silly addNameRange     '0.6.0',
338 silly addNameRange     '0.6.1',
338 silly addNameRange     '0.6.2',
338 silly addNameRange     '0.6.3',
338 silly addNameRange     '0.6.4',
338 silly addNameRange     '0.6.5',
338 silly addNameRange     '0.6.6',
338 silly addNameRange     '0.6.7',
338 silly addNameRange     '0.7.0-alpha',
338 silly addNameRange     '0.7.0',
338 silly addNameRange     '0.8.0',
338 silly addNameRange     '0.8.1',
338 silly addNameRange     '0.8.2',
338 silly addNameRange     '0.8.3',
338 silly addNameRange     '0.8.4',
338 silly addNameRange     '0.8.5',
338 silly addNameRange     '0.8.6',
338 silly addNameRange     '0.9.0',
338 silly addNameRange     '0.9.1',
338 silly addNameRange     '0.9.2',
338 silly addNameRange     '0.9.3',
338 silly addNameRange     '0.9.4-rc1',
338 silly addNameRange     '0.9.4',
338 silly addNameRange     '0.9.5-rc1',
338 silly addNameRange     '0.9.5',
338 silly addNameRange     '0.9.6',
338 silly addNameRange     '1.0.0',
338 silly addNameRange     '1.0.1',
338 silly addNameRange     '1.0.2-alpha',
338 silly addNameRange     '1.0.2',
338 silly addNameRange     '1.0.3',
338 silly addNameRange     '1.1.0',
338 silly addNameRange     '1.1.1',
338 silly addNameRange     '1.1.2',
338 silly addNameRange     '1.1.3',
338 silly addNameRange     '1.1.4',
338 silly addNameRange     '1.2.0',
338 silly addNameRange     '1.2.1',
338 silly addNameRange     '1.2.2',
338 silly addNameRange     '1.2.3',
338 silly addNameRange     '2.0.0-beta',
338 silly addNameRange     '2.0.0',
338 silly addNameRange     '2.0.1',
338 silly addNameRange     '3.0.0-alpha.0',
338 silly addNameRange     '3.0.0-beta.2',
338 silly addNameRange     '3.0.0-beta.3',
338 silly addNameRange     '3.0.0-beta.4',
338 silly addNameRange     '2.1.0',
338 silly addNameRange     '2.1.1',
338 silly addNameRange     '3.0.0-beta.5',
338 silly addNameRange     '3.0.0-beta.7',
338 silly addNameRange     '3.0.0',
338 silly addNameRange     '3.1.0',
338 silly addNameRange     '3.1.1',
338 silly addNameRange     '3.1.2',
338 silly addNameRange     '3.2.0' ] ]
339 verbose addNamed [ 'node-sass', '2.1.1' ]
340 verbose addNamed [ '2.1.1', '2.1.1' ]
341 silly lockFile 8610f59b-node-sass-2-1-1 node-sass@2.1.1
342 verbose lock node-sass@2.1.1 /Users/joe/.npm/8610f59b-node-sass-2-1-1.lock
343 http 304 https://registry.npmjs.org/load-grunt-tasks
344 silly registry.get cb [ 304,
344 silly registry.get   { date: 'Fri, 03 Jul 2015 16:28:43 GMT',
344 silly registry.get     via: '1.1 varnish',
344 silly registry.get     'cache-control': 'max-age=60',
344 silly registry.get     etag: '"4F3JGSI5JIGAC5W63UR5HNK1"',
344 silly registry.get     age: '0',
344 silly registry.get     connection: 'keep-alive',
344 silly registry.get     'x-served-by': 'cache-jfk1024-JFK',
344 silly registry.get     'x-cache': 'HIT',
344 silly registry.get     'x-cache-hits': '1',
344 silly registry.get     'x-timer': 'S1435940923.093548,VS0,VE18',
344 silly registry.get     vary: 'Accept' } ]
345 verbose etag https://registry.npmjs.org/load-grunt-tasks from cache
346 silly addNameRange number 2 { name: 'grunt', range: '>=0.4.5-0 <0.5.0-0', hasData: true }
347 silly addNameRange versions [ 'grunt',
347 silly addNameRange   [ '0.1.0',
347 silly addNameRange     '0.1.1',
347 silly addNameRange     '0.1.2',
347 silly addNameRange     '0.2.0',
347 silly addNameRange     '0.2.1',
347 silly addNameRange     '0.2.2',
347 silly addNameRange     '0.2.3',
347 silly addNameRange     '0.2.4',
347 silly addNameRange     '0.2.5',
347 silly addNameRange     '0.2.6',
347 silly addNameRange     '0.2.7',
347 silly addNameRange     '0.2.8',
347 silly addNameRange     '0.2.9',
347 silly addNameRange     '0.2.10',
347 silly addNameRange     '0.2.11',
347 silly addNameRange     '0.2.12',
347 silly addNameRange     '0.2.13',
347 silly addNameRange     '0.2.14',
347 silly addNameRange     '0.2.15',
347 silly addNameRange     '0.3.0',
347 silly addNameRange     '0.3.1',
347 silly addNameRange     '0.3.2',
347 silly addNameRange     '0.3.3',
347 silly addNameRange     '0.3.4',
347 silly addNameRange     '0.3.5',
347 silly addNameRange     '0.3.6',
347 silly addNameRange     '0.3.7',
347 silly addNameRange     '0.3.8',
347 silly addNameRange     '0.3.9',
347 silly addNameRange     '0.3.10',
347 silly addNameRange     '0.3.11',
347 silly addNameRange     '0.3.12',
347 silly addNameRange     '0.3.13',
347 silly addNameRange     '0.3.14',
347 silly addNameRange     '0.3.15',
347 silly addNameRange     '0.3.16',
347 silly addNameRange     '0.3.17',
347 silly addNameRange     '0.4.0',
347 silly addNameRange     '0.4.1',
347 silly addNameRange     '0.4.2',
347 silly addNameRange     '0.4.3',
347 silly addNameRange     '0.4.4',
347 silly addNameRange     '0.4.5',
347 silly addNameRange     '0.3.13-a',
347 silly addNameRange     '0.4.0-a',
347 silly addNameRange     '0.4.0-rc1',
347 silly addNameRange     '0.4.0-rc2',
347 silly addNameRange     '0.4.0-rc3',
347 silly addNameRange     '0.4.0-rc4',
347 silly addNameRange     '0.4.0-rc5',
347 silly addNameRange     '0.4.0-rc6',
347 silly addNameRange     '0.4.0-rc7',
347 silly addNameRange     '0.4.0-rc8' ] ]
348 verbose addNamed [ 'grunt', '0.4.5' ]
349 verbose addNamed [ '0.4.5', '0.4.5' ]
350 silly lockFile 81abf7ad-grunt-0-4-5 grunt@0.4.5
351 verbose lock grunt@0.4.5 /Users/joe/.npm/81abf7ad-grunt-0-4-5.lock
352 silly addNameRange number 2 { name: 'grunt-contrib-clean',
352 silly addNameRange   range: '>=0.6.0-0 <0.7.0-0',
352 silly addNameRange   hasData: true }
353 silly addNameRange versions [ 'grunt-contrib-clean',
353 silly addNameRange   [ '0.1.0',
353 silly addNameRange     '0.2.0',
353 silly addNameRange     '0.3.0',
353 silly addNameRange     '0.3.1',
353 silly addNameRange     '0.3.2',
353 silly addNameRange     '0.4.0',
353 silly addNameRange     '0.4.1',
353 silly addNameRange     '0.5.0',
353 silly addNameRange     '0.6.0',
353 silly addNameRange     '0.4.0-a',
353 silly addNameRange     '0.4.0-rc5',
353 silly addNameRange     '0.4.0-rc6' ] ]
354 verbose addNamed [ 'grunt-contrib-clean', '0.6.0' ]
355 verbose addNamed [ '0.6.0', '0.6.0' ]
356 silly lockFile 0a668ef6-grunt-contrib-clean-0-6-0 grunt-contrib-clean@0.6.0
357 verbose lock grunt-contrib-clean@0.6.0 /Users/joe/.npm/0a668ef6-grunt-contrib-clean-0-6-0.lock
358 http 304 https://registry.npmjs.org/grunt-contrib-copy
359 silly registry.get cb [ 304,
359 silly registry.get   { date: 'Fri, 03 Jul 2015 16:28:43 GMT',
359 silly registry.get     via: '1.1 varnish',
359 silly registry.get     'cache-control': 'max-age=60',
359 silly registry.get     etag: '"AF4RJMR6W0I4GJG96Q4J0RLUM"',
359 silly registry.get     age: '19',
359 silly registry.get     connection: 'keep-alive',
359 silly registry.get     'x-served-by': 'cache-jfk1029-JFK',
359 silly registry.get     'x-cache': 'HIT',
359 silly registry.get     'x-cache-hits': '1',
359 silly registry.get     'x-timer': 'S1435940923.116112,VS0,VE0',
359 silly registry.get     vary: 'Accept' } ]
360 verbose etag https://registry.npmjs.org/grunt-contrib-copy from cache
361 silly lockFile 80e251f7-rg-node-sass-node-sass-2-1-1-tgz https://registry.npmjs.org/node-sass/-/node-sass-2.1.1.tgz
362 verbose lock https://registry.npmjs.org/node-sass/-/node-sass-2.1.1.tgz /Users/joe/.npm/80e251f7-rg-node-sass-node-sass-2-1-1-tgz.lock
363 silly addNameRange number 2 { name: 'grunt-contrib-watch',
363 silly addNameRange   range: '>=0.6.1-0 <0.7.0-0',
363 silly addNameRange   hasData: true }
364 silly addNameRange versions [ 'grunt-contrib-watch',
364 silly addNameRange   [ '0.1.0',
364 silly addNameRange     '0.1.1',
364 silly addNameRange     '0.1.2',
364 silly addNameRange     '0.1.3',
364 silly addNameRange     '0.1.4',
364 silly addNameRange     '0.2.0',
364 silly addNameRange     '0.3.0',
364 silly addNameRange     '0.3.1',
364 silly addNameRange     '0.4.0',
364 silly addNameRange     '0.4.1',
364 silly addNameRange     '0.4.2',
364 silly addNameRange     '0.4.3',
364 silly addNameRange     '0.4.4',
364 silly addNameRange     '0.5.0',
364 silly addNameRange     '0.5.1',
364 silly addNameRange     '0.5.2',
364 silly addNameRange     '0.5.3',
364 silly addNameRange     '0.6.0',
364 silly addNameRange     '0.6.1',
364 silly addNameRange     '0.2.0-a',
364 silly addNameRange     '0.2.0-rc5',
364 silly addNameRange     '0.2.0-rc7' ] ]
365 verbose addNamed [ 'grunt-contrib-watch', '0.6.1' ]
366 verbose addNamed [ '0.6.1', '0.6.1' ]
367 silly lockFile 08049756-grunt-contrib-watch-0-6-1 grunt-contrib-watch@0.6.1
368 verbose lock grunt-contrib-watch@0.6.1 /Users/joe/.npm/08049756-grunt-contrib-watch-0-6-1.lock
369 http 304 https://registry.npmjs.org/grunt-contrib-cssmin
370 silly registry.get cb [ 304,
370 silly registry.get   { date: 'Fri, 03 Jul 2015 16:28:43 GMT',
370 silly registry.get     via: '1.1 varnish',
370 silly registry.get     'cache-control': 'max-age=60',
370 silly registry.get     etag: '"6JK8JQ1ESNF2RNA2T4V79RQN0"',
370 silly registry.get     age: '2',
370 silly registry.get     connection: 'keep-alive',
370 silly registry.get     'x-served-by': 'cache-jfk1029-JFK',
370 silly registry.get     'x-cache': 'HIT',
370 silly registry.get     'x-cache-hits': '1',
370 silly registry.get     'x-timer': 'S1435940923.119732,VS0,VE2',
370 silly registry.get     vary: 'Accept' } ]
371 verbose etag https://registry.npmjs.org/grunt-contrib-cssmin from cache
372 verbose addRemoteTarball [ 'https://registry.npmjs.org/node-sass/-/node-sass-2.1.1.tgz',
372 verbose addRemoteTarball   '32847dceef9ef217bb68138ed5d3e2a72a6765fb' ]
373 http 304 https://registry.npmjs.org/grunt-contrib-uglify
374 silly registry.get cb [ 304,
374 silly registry.get   { date: 'Fri, 03 Jul 2015 16:28:43 GMT',
374 silly registry.get     via: '1.1 varnish',
374 silly registry.get     'cache-control': 'max-age=60',
374 silly registry.get     etag: '"E3FZODU21KEHKUBS6N0T6L1C7"',
374 silly registry.get     age: '5',
374 silly registry.get     connection: 'keep-alive',
374 silly registry.get     'x-served-by': 'cache-jfk1032-JFK',
374 silly registry.get     'x-cache': 'HIT',
374 silly registry.get     'x-cache-hits': '3',
374 silly registry.get     'x-timer': 'S1435940923.123939,VS0,VE0',
374 silly registry.get     vary: 'Accept' } ]
375 verbose etag https://registry.npmjs.org/grunt-contrib-uglify from cache
376 silly addNameRange number 2 { name: 'load-grunt-tasks',
376 silly addNameRange   range: '>=3.1.0-0 <3.2.0-0',
376 silly addNameRange   hasData: true }
377 silly addNameRange versions [ 'load-grunt-tasks',
377 silly addNameRange   [ '0.1.0',
377 silly addNameRange     '0.1.1',
377 silly addNameRange     '0.1.2',
377 silly addNameRange     '0.1.3',
377 silly addNameRange     '0.2.0',
377 silly addNameRange     '0.2.1',
377 silly addNameRange     '0.3.0',
377 silly addNameRange     '0.4.0',
377 silly addNameRange     '0.5.0',
377 silly addNameRange     '0.6.0',
377 silly addNameRange     '1.0.0',
377 silly addNameRange     '2.0.0',
377 silly addNameRange     '3.0.0',
377 silly addNameRange     '3.1.0',
377 silly addNameRange     '3.2.0' ] ]
378 verbose addNamed [ 'load-grunt-tasks', '3.1.0' ]
379 verbose addNamed [ '3.1.0', '3.1.0' ]
380 silly lockFile afccba54-load-grunt-tasks-3-1-0 load-grunt-tasks@3.1.0
381 verbose lock load-grunt-tasks@3.1.0 /Users/joe/.npm/afccba54-load-grunt-tasks-3-1-0.lock
382 silly lockFile 81abf7ad-grunt-0-4-5 grunt@0.4.5
383 silly lockFile 81abf7ad-grunt-0-4-5 grunt@0.4.5
384 silly addNameRange number 2 { name: 'grunt-contrib-copy',
384 silly addNameRange   range: '>=0.8.0-0 <0.9.0-0',
384 silly addNameRange   hasData: true }
385 silly addNameRange versions [ 'grunt-contrib-copy',
385 silly addNameRange   [ '0.2.0',
385 silly addNameRange     '0.2.1',
385 silly addNameRange     '0.2.2',
385 silly addNameRange     '0.2.3',
385 silly addNameRange     '0.2.4',
385 silly addNameRange     '0.3.0',
385 silly addNameRange     '0.3.1',
385 silly addNameRange     '0.3.2',
385 silly addNameRange     '0.4.0',
385 silly addNameRange     '0.4.1',
385 silly addNameRange     '0.5.0',
385 silly addNameRange     '0.6.0',
385 silly addNameRange     '0.7.0',
385 silly addNameRange     '0.8.0',
385 silly addNameRange     '0.4.0-rc7' ] ]
386 verbose addNamed [ 'grunt-contrib-copy', '0.8.0' ]
387 verbose addNamed [ '0.8.0', '0.8.0' ]
388 silly lockFile 4ba694f5-grunt-contrib-copy-0-8-0 grunt-contrib-copy@0.8.0
389 verbose lock grunt-contrib-copy@0.8.0 /Users/joe/.npm/4ba694f5-grunt-contrib-copy-0-8-0.lock
390 silly lockFile 0a668ef6-grunt-contrib-clean-0-6-0 grunt-contrib-clean@0.6.0
391 silly lockFile 0a668ef6-grunt-contrib-clean-0-6-0 grunt-contrib-clean@0.6.0
392 silly lockFile 240974bb-grunt-0-4-5 grunt@~0.4.5
393 silly lockFile 240974bb-grunt-0-4-5 grunt@~0.4.5
394 silly lockFile 944867a7-grunt-contrib-clean-0-6-0 grunt-contrib-clean@~0.6.0
395 silly lockFile 944867a7-grunt-contrib-clean-0-6-0 grunt-contrib-clean@~0.6.0
396 silly lockFile 08049756-grunt-contrib-watch-0-6-1 grunt-contrib-watch@0.6.1
397 silly lockFile 08049756-grunt-contrib-watch-0-6-1 grunt-contrib-watch@0.6.1
398 silly addNameRange number 2 { name: 'grunt-contrib-cssmin',
398 silly addNameRange   range: '>=0.12.2-0 <0.13.0-0',
398 silly addNameRange   hasData: true }
399 silly addNameRange versions [ 'grunt-contrib-cssmin',
399 silly addNameRange   [ '0.4.0',
399 silly addNameRange     '0.4.1',
399 silly addNameRange     '0.4.2',
399 silly addNameRange     '0.5.0',
399 silly addNameRange     '0.6.0',
399 silly addNameRange     '0.6.1',
399 silly addNameRange     '0.6.2',
399 silly addNameRange     '0.7.0',
399 silly addNameRange     '0.8.0',
399 silly addNameRange     '0.9.0',
399 silly addNameRange     '0.10.0',
399 silly addNameRange     '0.11.0',
399 silly addNameRange     '0.12.0',
399 silly addNameRange     '0.12.1',
399 silly addNameRange     '0.12.2',
399 silly addNameRange     '0.12.3' ] ]
400 verbose addNamed [ 'grunt-contrib-cssmin', '0.12.3' ]
401 verbose addNamed [ '0.12.3', '0.12.3' ]
402 silly lockFile 0193e74d-grunt-contrib-cssmin-0-12-3 grunt-contrib-cssmin@0.12.3
403 verbose lock grunt-contrib-cssmin@0.12.3 /Users/joe/.npm/0193e74d-grunt-contrib-cssmin-0-12-3.lock
404 silly lockFile 82ce6ec8-grunt-contrib-watch-0-6-1 grunt-contrib-watch@~0.6.1
405 silly lockFile 82ce6ec8-grunt-contrib-watch-0-6-1 grunt-contrib-watch@~0.6.1
406 silly addNameRange number 2 { name: 'grunt-contrib-uglify',
406 silly addNameRange   range: '>=0.9.1-0 <0.10.0-0',
406 silly addNameRange   hasData: true }
407 silly addNameRange versions [ 'grunt-contrib-uglify',
407 silly addNameRange   [ '0.1.0',
407 silly addNameRange     '0.1.1',
407 silly addNameRange     '0.1.2',
407 silly addNameRange     '0.2.0',
407 silly addNameRange     '0.2.1',
407 silly addNameRange     '0.2.2',
407 silly addNameRange     '0.2.3',
407 silly addNameRange     '0.2.4',
407 silly addNameRange     '0.2.5',
407 silly addNameRange     '0.2.6',
407 silly addNameRange     '0.2.7',
407 silly addNameRange     '0.3.0',
407 silly addNameRange     '0.3.1',
407 silly addNameRange     '0.1.1-rc5',
407 silly addNameRange     '0.1.1-rc6',
407 silly addNameRange     '0.3.2',
407 silly addNameRange     '0.3.3',
407 silly addNameRange     '0.4.0',
407 silly addNameRange     '0.5.0',
407 silly addNameRange     '0.4.1',
407 silly addNameRange     '0.5.1',
407 silly addNameRange     '0.6.0',
407 silly addNameRange     '0.7.0',
407 silly addNameRange     '0.8.0',
407 silly addNameRange     '0.8.1',
407 silly addNameRange     '0.9.0',
407 silly addNameRange     '0.9.1' ] ]
408 verbose addNamed [ 'grunt-contrib-uglify', '0.9.1' ]
409 verbose addNamed [ '0.9.1', '0.9.1' ]
410 silly lockFile 59c70bbc-grunt-contrib-uglify-0-9-1 grunt-contrib-uglify@0.9.1
411 verbose lock grunt-contrib-uglify@0.9.1 /Users/joe/.npm/59c70bbc-grunt-contrib-uglify-0-9-1.lock
412 info retry fetch attempt 1 at 12:28:43
413 verbose fetch to= /var/folders/2t/j0888rzj4hlg_frjm0bwjsfh0000gn/T/npm-46215-oC-3tPlc/registry.npmjs.org/node-sass/-/node-sass-2.1.1.tgz
414 http GET https://registry.npmjs.org/node-sass/-/node-sass-2.1.1.tgz
415 silly lockFile afccba54-load-grunt-tasks-3-1-0 load-grunt-tasks@3.1.0
416 silly lockFile afccba54-load-grunt-tasks-3-1-0 load-grunt-tasks@3.1.0
417 silly lockFile 36b9eb23-load-grunt-tasks-3-1-0 load-grunt-tasks@~3.1.0
418 silly lockFile 36b9eb23-load-grunt-tasks-3-1-0 load-grunt-tasks@~3.1.0
419 silly lockFile 4ba694f5-grunt-contrib-copy-0-8-0 grunt-contrib-copy@0.8.0
420 silly lockFile 4ba694f5-grunt-contrib-copy-0-8-0 grunt-contrib-copy@0.8.0
421 silly lockFile 0e8a5e90-grunt-contrib-copy-0-8-0 grunt-contrib-copy@~0.8.0
422 silly lockFile 0e8a5e90-grunt-contrib-copy-0-8-0 grunt-contrib-copy@~0.8.0
423 silly lockFile 0193e74d-grunt-contrib-cssmin-0-12-3 grunt-contrib-cssmin@0.12.3
424 silly lockFile 0193e74d-grunt-contrib-cssmin-0-12-3 grunt-contrib-cssmin@0.12.3
425 silly lockFile 722ac562-grunt-contrib-cssmin-0-12-2 grunt-contrib-cssmin@~0.12.2
426 silly lockFile 722ac562-grunt-contrib-cssmin-0-12-2 grunt-contrib-cssmin@~0.12.2
427 silly lockFile 59c70bbc-grunt-contrib-uglify-0-9-1 grunt-contrib-uglify@0.9.1
428 silly lockFile 59c70bbc-grunt-contrib-uglify-0-9-1 grunt-contrib-uglify@0.9.1
429 silly lockFile 88f03733-grunt-contrib-uglify-0-9-1 grunt-contrib-uglify@~0.9.1
430 silly lockFile 88f03733-grunt-contrib-uglify-0-9-1 grunt-contrib-uglify@~0.9.1
431 http 304 https://registry.npmjs.org/grunt-contrib-jshint
432 silly registry.get cb [ 304,
432 silly registry.get   { date: 'Fri, 03 Jul 2015 16:28:43 GMT',
432 silly registry.get     via: '1.1 varnish',
432 silly registry.get     'cache-control': 'max-age=60',
432 silly registry.get     etag: '"251RIH8AL5RJNXRH002DPFBQJ"',
432 silly registry.get     age: '40',
432 silly registry.get     connection: 'keep-alive',
432 silly registry.get     'x-served-by': 'cache-jfk1024-JFK',
432 silly registry.get     'x-cache': 'HIT',
432 silly registry.get     'x-cache-hits': '1',
432 silly registry.get     'x-timer': 'S1435940923.144199,VS0,VE0',
432 silly registry.get     vary: 'Accept' } ]
433 verbose etag https://registry.npmjs.org/grunt-contrib-jshint from cache
434 silly addNameRange number 2 { name: 'grunt-contrib-jshint',
434 silly addNameRange   range: '>=0.11.2-0 <0.12.0-0',
434 silly addNameRange   hasData: true }
435 silly addNameRange versions [ 'grunt-contrib-jshint',
435 silly addNameRange   [ '0.1.0',
435 silly addNameRange     '0.1.1',
435 silly addNameRange     '0.2.0',
435 silly addNameRange     '0.3.0',
435 silly addNameRange     '0.4.0',
435 silly addNameRange     '0.4.1',
435 silly addNameRange     '0.4.2',
435 silly addNameRange     '0.4.3',
435 silly addNameRange     '0.5.0',
435 silly addNameRange     '0.5.1',
435 silly addNameRange     '0.5.2',
435 silly addNameRange     '0.5.3',
435 silly addNameRange     '0.5.4',
435 silly addNameRange     '0.6.0',
435 silly addNameRange     '0.6.1',
435 silly addNameRange     '0.6.2',
435 silly addNameRange     '0.6.3',
435 silly addNameRange     '0.6.4',
435 silly addNameRange     '0.6.5',
435 silly addNameRange     '0.7.0',
435 silly addNameRange     '0.7.1',
435 silly addNameRange     '0.7.2',
435 silly addNameRange     '0.8.0',
435 silly addNameRange     '0.9.0',
435 silly addNameRange     '0.9.1',
435 silly addNameRange     '0.9.2',
435 silly addNameRange     '0.10.0',
435 silly addNameRange     '0.11.0',
435 silly addNameRange     '0.11.1',
435 silly addNameRange     '0.11.2',
435 silly addNameRange     '0.1.1-rc5',
435 silly addNameRange     '0.1.1-rc6' ] ]
436 verbose addNamed [ 'grunt-contrib-jshint', '0.11.2' ]
437 verbose addNamed [ '0.11.2', '0.11.2' ]
438 silly lockFile 53316110-grunt-contrib-jshint-0-11-2 grunt-contrib-jshint@0.11.2
439 verbose lock grunt-contrib-jshint@0.11.2 /Users/joe/.npm/53316110-grunt-contrib-jshint-0-11-2.lock
440 silly lockFile 53316110-grunt-contrib-jshint-0-11-2 grunt-contrib-jshint@0.11.2
441 silly lockFile 53316110-grunt-contrib-jshint-0-11-2 grunt-contrib-jshint@0.11.2
442 silly lockFile 1ae062fa-grunt-contrib-jshint-0-11-2 grunt-contrib-jshint@~0.11.2
443 silly lockFile 1ae062fa-grunt-contrib-jshint-0-11-2 grunt-contrib-jshint@~0.11.2
444 http 304 https://registry.npmjs.org/grunt-wiredep
445 silly registry.get cb [ 304,
445 silly registry.get   { date: 'Fri, 03 Jul 2015 16:28:43 GMT',
445 silly registry.get     via: '1.1 varnish',
445 silly registry.get     'cache-control': 'max-age=60',
445 silly registry.get     etag: '"3RY2KOCUHOX7RURQATA7C6CP3"',
445 silly registry.get     age: '0',
445 silly registry.get     connection: 'keep-alive',
445 silly registry.get     'x-served-by': 'cache-jfk1029-JFK',
445 silly registry.get     'x-cache': 'HIT',
445 silly registry.get     'x-cache-hits': '1',
445 silly registry.get     'x-timer': 'S1435940923.144248,VS0,VE20',
445 silly registry.get     vary: 'Accept' } ]
446 verbose etag https://registry.npmjs.org/grunt-wiredep from cache
447 http 304 https://registry.npmjs.org/grunt-contrib-imagemin
448 silly registry.get cb [ 304,
448 silly registry.get   { date: 'Fri, 03 Jul 2015 16:28:43 GMT',
448 silly registry.get     via: '1.1 varnish',
448 silly registry.get     'cache-control': 'max-age=60',
448 silly registry.get     etag: '"54VEZN6ADGM15AP47Z75JSDJZ"',
448 silly registry.get     age: '0',
448 silly registry.get     connection: 'keep-alive',
448 silly registry.get     'x-served-by': 'cache-jfk1032-JFK',
448 silly registry.get     'x-cache': 'HIT',
448 silly registry.get     'x-cache-hits': '1',
448 silly registry.get     'x-timer': 'S1435940923.144976,VS0,VE19',
448 silly registry.get     vary: 'Accept' } ]
449 verbose etag https://registry.npmjs.org/grunt-contrib-imagemin from cache
450 http 304 https://registry.npmjs.org/grunt-usemin
451 silly registry.get cb [ 304,
451 silly registry.get   { date: 'Fri, 03 Jul 2015 16:28:43 GMT',
451 silly registry.get     via: '1.1 varnish',
451 silly registry.get     'cache-control': 'max-age=60',
451 silly registry.get     etag: '"2M5X8GQHP9I9COZ796PFY0O9B"',
451 silly registry.get     age: '2',
451 silly registry.get     connection: 'keep-alive',
451 silly registry.get     'x-served-by': 'cache-jfk1024-JFK',
451 silly registry.get     'x-cache': 'HIT',
451 silly registry.get     'x-cache-hits': '1',
451 silly registry.get     'x-timer': 'S1435940923.168320,VS0,VE0',
451 silly registry.get     vary: 'Accept' } ]
452 verbose etag https://registry.npmjs.org/grunt-usemin from cache
453 silly addNameRange number 2 { name: 'grunt-wiredep',
453 silly addNameRange   range: '>=2.0.0-0 <2.1.0-0',
453 silly addNameRange   hasData: true }
454 silly addNameRange versions [ 'grunt-wiredep',
454 silly addNameRange   [ '1.7.0', '1.7.1', '1.8.0', '1.9.0', '2.0.0' ] ]
455 verbose addNamed [ 'grunt-wiredep', '2.0.0' ]
456 verbose addNamed [ '2.0.0', '2.0.0' ]
457 silly lockFile f58faed5-grunt-wiredep-2-0-0 grunt-wiredep@2.0.0
458 verbose lock grunt-wiredep@2.0.0 /Users/joe/.npm/f58faed5-grunt-wiredep-2-0-0.lock
459 silly addNameRange number 2 { name: 'grunt-usemin',
459 silly addNameRange   range: '>=3.0.0-0 <3.1.0-0',
459 silly addNameRange   hasData: true }
460 silly addNameRange versions [ 'grunt-usemin',
460 silly addNameRange   [ '0.1.0',
460 silly addNameRange     '0.1.1',
460 silly addNameRange     '0.1.2',
460 silly addNameRange     '0.1.5',
460 silly addNameRange     '0.1.6',
460 silly addNameRange     '0.1.7',
460 silly addNameRange     '0.1.8',
460 silly addNameRange     '0.1.9',
460 silly addNameRange     '0.1.4',
460 silly addNameRange     '0.1.10',
460 silly addNameRange     '0.1.11',
460 silly addNameRange     '0.1.12',
460 silly addNameRange     '0.1.13',
460 silly addNameRange     '2.0.0',
460 silly addNameRange     '2.0.1',
460 silly addNameRange     '2.0.2',
460 silly addNameRange     '2.1.0',
460 silly addNameRange     '2.1.1',
460 silly addNameRange     '2.2.0',
460 silly addNameRange     '2.3.0',
460 silly addNameRange     '2.4.0',
460 silly addNameRange     '2.5.0',
460 silly addNameRange     '2.5.1',
460 silly addNameRange     '2.6.0',
460 silly addNameRange     '2.6.1',
460 silly addNameRange     '2.6.2',
460 silly addNameRange     '3.0.0' ] ]
461 verbose addNamed [ 'grunt-usemin', '3.0.0' ]
462 verbose addNamed [ '3.0.0', '3.0.0' ]
463 silly lockFile 21f60fae-grunt-usemin-3-0-0 grunt-usemin@3.0.0
464 verbose lock grunt-usemin@3.0.0 /Users/joe/.npm/21f60fae-grunt-usemin-3-0-0.lock
465 silly lockFile 24151d45-grunt-contrib-imagemin-0-9-4 grunt-contrib-imagemin@0.9.4
466 silly lockFile 24151d45-grunt-contrib-imagemin-0-9-4 grunt-contrib-imagemin@0.9.4
467 silly lockFile f58faed5-grunt-wiredep-2-0-0 grunt-wiredep@2.0.0
468 silly lockFile f58faed5-grunt-wiredep-2-0-0 grunt-wiredep@2.0.0
469 silly lockFile c674504f-grunt-wiredep-2-0-0 grunt-wiredep@~2.0.0
470 silly lockFile c674504f-grunt-wiredep-2-0-0 grunt-wiredep@~2.0.0
471 silly lockFile 21f60fae-grunt-usemin-3-0-0 grunt-usemin@3.0.0
472 silly lockFile 21f60fae-grunt-usemin-3-0-0 grunt-usemin@3.0.0
473 http 304 https://registry.npmjs.org/grunt-newer
474 silly registry.get cb [ 304,
474 silly registry.get   { date: 'Fri, 03 Jul 2015 16:28:43 GMT',
474 silly registry.get     via: '1.1 varnish',
474 silly registry.get     'cache-control': 'max-age=60',
474 silly registry.get     etag: '"E47FNUIE3MBKI3MRN9764I3E9"',
474 silly registry.get     age: '2',
474 silly registry.get     connection: 'keep-alive',
474 silly registry.get     'x-served-by': 'cache-jfk1029-JFK',
474 silly registry.get     'x-cache': 'HIT',
474 silly registry.get     'x-cache-hits': '1',
474 silly registry.get     'x-timer': 'S1435940923.179274,VS0,VE0',
474 silly registry.get     vary: 'Accept' } ]
475 verbose etag https://registry.npmjs.org/grunt-newer from cache
476 silly lockFile 10b1f4cf-grunt-usemin-3-0-0 grunt-usemin@~3.0.0
477 silly lockFile 10b1f4cf-grunt-usemin-3-0-0 grunt-usemin@~3.0.0
478 silly addNameRange number 2 { name: 'grunt-newer',
478 silly addNameRange   range: '>=1.1.0-0 <1.2.0-0',
478 silly addNameRange   hasData: true }
479 silly addNameRange versions [ 'grunt-newer',
479 silly addNameRange   [ '0.1.0',
479 silly addNameRange     '0.2.0',
479 silly addNameRange     '0.3.1',
479 silly addNameRange     '0.4.0',
479 silly addNameRange     '0.4.1',
479 silly addNameRange     '0.5.0',
479 silly addNameRange     '0.5.1',
479 silly addNameRange     '0.5.2',
479 silly addNameRange     '0.5.3',
479 silly addNameRange     '0.5.4',
479 silly addNameRange     '0.6.0',
479 silly addNameRange     '0.6.1',
479 silly addNameRange     '0.7.0',
479 silly addNameRange     '0.8.0',
479 silly addNameRange     '1.0.0',
479 silly addNameRange     '1.1.0',
479 silly addNameRange     '1.1.1' ] ]
480 verbose addNamed [ 'grunt-newer', '1.1.1' ]
481 verbose addNamed [ '1.1.1', '1.1.1' ]
482 silly lockFile afaf5980-grunt-newer-1-1-1 grunt-newer@1.1.1
483 verbose lock grunt-newer@1.1.1 /Users/joe/.npm/afaf5980-grunt-newer-1-1-1.lock
484 silly lockFile afaf5980-grunt-newer-1-1-1 grunt-newer@1.1.1
485 silly lockFile afaf5980-grunt-newer-1-1-1 grunt-newer@1.1.1
486 silly lockFile b9f44c5e-grunt-newer-1-1-0 grunt-newer@~1.1.0
487 silly lockFile b9f44c5e-grunt-newer-1-1-0 grunt-newer@~1.1.0
488 http 304 https://registry.npmjs.org/grunt-contrib-concat
489 silly registry.get cb [ 304,
489 silly registry.get   { date: 'Fri, 03 Jul 2015 16:28:43 GMT',
489 silly registry.get     via: '1.1 varnish',
489 silly registry.get     'cache-control': 'max-age=60',
489 silly registry.get     etag: '"926KZ94PE30IR3VG7KKVBHOVJ"',
489 silly registry.get     age: '0',
489 silly registry.get     connection: 'keep-alive',
489 silly registry.get     'x-served-by': 'cache-jfk1029-JFK',
489 silly registry.get     'x-cache': 'HIT',
489 silly registry.get     'x-cache-hits': '1',
489 silly registry.get     'x-timer': 'S1435940923.124027,VS0,VE91',
489 silly registry.get     vary: 'Accept' } ]
490 verbose etag https://registry.npmjs.org/grunt-contrib-concat from cache
491 silly addNameRange number 2 { name: 'grunt-contrib-concat',
491 silly addNameRange   range: '>=0.5.1-0 <0.6.0-0',
491 silly addNameRange   hasData: true }
492 silly addNameRange versions [ 'grunt-contrib-concat',
492 silly addNameRange   [ '0.1.0',
492 silly addNameRange     '0.1.1',
492 silly addNameRange     '0.1.2',
492 silly addNameRange     '0.1.3',
492 silly addNameRange     '0.2.0',
492 silly addNameRange     '0.3.0',
492 silly addNameRange     '0.4.0',
492 silly addNameRange     '0.5.0',
492 silly addNameRange     '0.5.1',
492 silly addNameRange     '0.1.2-rc5',
492 silly addNameRange     '0.1.2-rc6' ] ]
493 verbose addNamed [ 'grunt-contrib-concat', '0.5.1' ]
494 verbose addNamed [ '0.5.1', '0.5.1' ]
495 silly lockFile 63a362d5-grunt-contrib-concat-0-5-1 grunt-contrib-concat@0.5.1
496 verbose lock grunt-contrib-concat@0.5.1 /Users/joe/.npm/63a362d5-grunt-contrib-concat-0-5-1.lock
497 silly lockFile 63a362d5-grunt-contrib-concat-0-5-1 grunt-contrib-concat@0.5.1
498 silly lockFile 63a362d5-grunt-contrib-concat-0-5-1 grunt-contrib-concat@0.5.1
499 silly lockFile 03406c1b-grunt-contrib-concat-0-5-1 grunt-contrib-concat@~0.5.1
500 silly lockFile 03406c1b-grunt-contrib-concat-0-5-1 grunt-contrib-concat@~0.5.1
501 http 304 https://registry.npmjs.org/grunt-contrib-connect
502 silly registry.get cb [ 304,
502 silly registry.get   { date: 'Fri, 03 Jul 2015 16:28:43 GMT',
502 silly registry.get     via: '1.1 varnish',
502 silly registry.get     'cache-control': 'max-age=60',
502 silly registry.get     etag: '"CC601ZEWTB5F0WNIW32ZK3GGW"',
502 silly registry.get     age: '0',
502 silly registry.get     connection: 'keep-alive',
502 silly registry.get     'x-served-by': 'cache-jfk1029-JFK',
502 silly registry.get     'x-cache': 'HIT',
502 silly registry.get     'x-cache-hits': '1',
502 silly registry.get     'x-timer': 'S1435940923.144176,VS0,VE83',
502 silly registry.get     vary: 'Accept' } ]
503 verbose etag https://registry.npmjs.org/grunt-contrib-connect from cache
504 silly addNameRange number 2 { name: 'grunt-contrib-connect',
504 silly addNameRange   range: '>=0.10.1-0 <0.11.0-0',
504 silly addNameRange   hasData: true }
505 silly addNameRange versions [ 'grunt-contrib-connect',
505 silly addNameRange   [ '0.1.0',
505 silly addNameRange     '0.1.1',
505 silly addNameRange     '0.1.2',
505 silly addNameRange     '0.2.0',
505 silly addNameRange     '0.3.0',
505 silly addNameRange     '0.4.0',
505 silly addNameRange     '0.4.1',
505 silly addNameRange     '0.4.2',
505 silly addNameRange     '0.5.0',
505 silly addNameRange     '0.6.0',
505 silly addNameRange     '0.7.0',
505 silly addNameRange     '0.7.1',
505 silly addNameRange     '0.8.0',
505 silly addNameRange     '0.9.0',
505 silly addNameRange     '0.10.0',
505 silly addNameRange     '0.10.1',
505 silly addNameRange     '0.1.1-rc6' ] ]
506 verbose addNamed [ 'grunt-contrib-connect', '0.10.1' ]
507 verbose addNamed [ '0.10.1', '0.10.1' ]
508 silly lockFile 48873eff-grunt-contrib-connect-0-10-1 grunt-contrib-connect@0.10.1
509 verbose lock grunt-contrib-connect@0.10.1 /Users/joe/.npm/48873eff-grunt-contrib-connect-0-10-1.lock
510 silly lockFile 48873eff-grunt-contrib-connect-0-10-1 grunt-contrib-connect@0.10.1
511 silly lockFile 48873eff-grunt-contrib-connect-0-10-1 grunt-contrib-connect@0.10.1
512 silly lockFile 41395eae-grunt-contrib-connect-0-10-1 grunt-contrib-connect@~0.10.1
513 silly lockFile 41395eae-grunt-contrib-connect-0-10-1 grunt-contrib-connect@~0.10.1
514 http 200 https://registry.npmjs.org/node-sass/-/node-sass-2.1.1.tgz
515 silly lockFile 80e251f7-rg-node-sass-node-sass-2-1-1-tgz https://registry.npmjs.org/node-sass/-/node-sass-2.1.1.tgz
516 silly lockFile 80e251f7-rg-node-sass-node-sass-2-1-1-tgz https://registry.npmjs.org/node-sass/-/node-sass-2.1.1.tgz
517 silly lockFile 8610f59b-node-sass-2-1-1 node-sass@2.1.1
518 silly lockFile 8610f59b-node-sass-2-1-1 node-sass@2.1.1
519 silly lockFile e097af24-node-sass-2-1-1 node-sass@~2.1.1
520 silly lockFile e097af24-node-sass-2-1-1 node-sass@~2.1.1
521 error Error: EACCES, mkdir '/Users/joe/.npm/node-sass/2.1.1'
521 error  { [Error: EACCES, mkdir '/Users/joe/.npm/node-sass/2.1.1']
521 error   errno: 3,
521 error   code: 'EACCES',
521 error   path: '/Users/joe/.npm/node-sass/2.1.1',
521 error   parent: 'zf5_project' }
522 error Please try running this command again as root/Administrator.
523 error System Darwin 14.3.0
524 error command "node" "/usr/local/bin/npm" "install"
525 error cwd /Users/joe/Sites/bb.poc.zurb
526 error node -v v0.10.33
527 error npm -v 1.4.28
528 error path /Users/joe/.npm/node-sass/2.1.1
529 error code EACCES
530 error errno 3
531 error stack Error: EACCES, mkdir '/Users/joe/.npm/node-sass/2.1.1'
532 verbose exit [ 3, true ]
